<?xml version="1.0" encoding="UTF-8"?>
<!-- Generated by org.testng.reporters.JUnitReportReporter -->
<testsuite hostname="DESKTOP-9M55QQJ" failures="0" tests="3" name="NeoStoxTestClasses.ValidateNeoStoxWithProperties" time="6.198" errors="1" timestamp="2022-12-01T15:30:03 IST" skipped="2">
  <testcase classname="NeoStoxTestClasses.ValidateNeoStoxWithProperties" name="validateNeoStoxUserName" time="0.000">
    <skipped/>
  </testcase> <!-- validateNeoStoxUserName -->
  <system-out/>
  <testcase classname="NeoStoxTestClasses.ValidateNeoStoxWithProperties" name="LaunchBrowser" time="6.198">
    <error message="Invalid file path" type="java.io.FileNotFoundException">
      <![CDATA[java.io.FileNotFoundException: Invalid file path
at java.base/java.io.FileInputStream.<init>(FileInputStream.java:152)
at java.base/java.io.FileInputStream.<init>(FileInputStream.java:112)
at neoStoxUtility.newUtility.readDataFromPropertyFile(newUtility.java:25)
at neoStoxBase.newBase.Launchbrowser(newBase.java:28)
at NeoStoxTestClasses.ValidateNeoStoxWithProperties.LaunchBrowser(ValidateNeoStoxWithProperties.java:38)
at java.base/jdk.internal.reflect.NativeMethodAccessorImpl.invoke0(Native Method)
at java.base/jdk.internal.reflect.NativeMethodAccessorImpl.invoke(NativeMethodAccessorImpl.java:62)
at java.base/jdk.internal.reflect.DelegatingMethodAccessorImpl.invoke(DelegatingMethodAccessorImpl.java:43)
at java.base/java.lang.reflect.Method.invoke(Method.java:566)
at org.testng.internal.MethodInvocationHelper.invokeMethod(MethodInvocationHelper.java:133)
at org.testng.internal.MethodInvocationHelper.invokeMethodConsideringTimeout(MethodInvocationHelper.java:62)
at org.testng.internal.ConfigInvoker.invokeConfigurationMethod(ConfigInvoker.java:385)
at org.testng.internal.ConfigInvoker.invokeConfigurations(ConfigInvoker.java:321)
at org.testng.internal.TestMethodWorker.invokeBeforeClassMethods(TestMethodWorker.java:176)
at org.testng.internal.TestMethodWorker.run(TestMethodWorker.java:122)
at java.base/java.util.ArrayList.forEach(ArrayList.java:1541)
at org.testng.TestRunner.privateRun(TestRunner.java:794)
at org.testng.TestRunner.run(TestRunner.java:596)
at org.testng.SuiteRunner.runTest(SuiteRunner.java:377)
at org.testng.SuiteRunner.runSequentially(SuiteRunner.java:371)
at org.testng.SuiteRunner.privateRun(SuiteRunner.java:332)
at org.testng.SuiteRunner.run(SuiteRunner.java:276)
at org.testng.SuiteRunnerWorker.runSuite(SuiteRunnerWorker.java:53)
at org.testng.SuiteRunnerWorker.run(SuiteRunnerWorker.java:96)
at org.testng.TestNG.runSuitesSequentially(TestNG.java:1212)
at org.testng.TestNG.runSuitesLocally(TestNG.java:1134)
at org.testng.TestNG.runSuites(TestNG.java:1063)
at org.testng.TestNG.run(TestNG.java:1031)
at org.testng.remote.AbstractRemoteTestNG.run(AbstractRemoteTestNG.java:115)
at org.testng.remote.RemoteTestNG.initAndRun(RemoteTestNG.java:251)
at org.testng.remote.RemoteTestNG.main(RemoteTestNG.java:77)
]]>
    </error>
  </testcase> <!-- LaunchBrowser -->
  <system-out/>
  <testcase classname="NeoStoxTestClasses.ValidateNeoStoxWithProperties" name="validateNeoStoxAccBalance" time="0.000">
    <skipped/>
  </testcase> <!-- validateNeoStoxAccBalance -->
  <system-out/>
</testsuite> <!-- NeoStoxTestClasses.ValidateNeoStoxWithProperties -->
