<?xml version="1.0" encoding="UTF-8"?>
<!-- Generated by org.testng.reporters.JUnitXMLReporter -->
<testsuite ignored="0" hostname="DESKTOP-9M55QQJ" failures="1" tests="1" name="Default test(failed)" time="0.067" errors="0" timestamp="2022-12-31T23:22:05 IST">
  <testcase classname="CrossBrowserStudy.crossBrowserTesting" name="BrowserTest" time="0.0">
    <failure type="org.testng.TestNGException" message="
Parameter &amp;apos;browsername&amp;apos; is required by @Test on method BrowserTest but has not been marked @Optional or defined
in C:\Users\ASHOK\OneDrive\Pictures\Documents\ASHOK\.metadata\.metadata\.plugins\.metadata\.plugins\MyNewSeleniumProject\test-output\testng-failed.xml">
      <![CDATA[org.testng.TestNGException: 
Parameter 'browsername' is required by @Test on method BrowserTest but has not been marked @Optional or defined
in C:\Users\ASHOK\OneDrive\Pictures\Documents\ASHOK\.metadata\.metadata\.plugins\.metadata\.plugins\MyNewSeleniumProject\test-output\testng-failed.xml
at java.base/java.util.ArrayList.forEach(ArrayList.java:1541)
... Removed 26 stack frames]]>
    </failure>
  </testcase> <!-- BrowserTest -->
</testsuite> <!-- Default test(failed) -->
