<?xml version="1.0" encoding="UTF-8"?>
<!-- Generated by org.testng.reporters.JUnitXMLReporter -->
<testsuite ignored="0" hostname="DESKTOP-9M55QQJ" failures="1" tests="2" name="Test" time="17.828" errors="0" timestamp="2022-12-31T12:27:07 IST">
  <testcase classname="neoStoxTest.ValidateNeoStoxUsernameProperties" name="validateNeoStoxAccBalance" time="0.014">
    <failure type="java.lang.AssertionError" message="null">
      <![CDATA[java.lang.AssertionError: null
at neoStoxTest.ValidateNeoStoxUsernameProperties.validateNeoStoxAccBalance(ValidateNeoStoxUsernameProperties.java:83)
at java.base/java.util.ArrayList.forEach(ArrayList.java:1541)
... Removed 29 stack frames]]>
    </failure>
  </testcase> <!-- validateNeoStoxAccBalance -->
  <testcase classname="neoStoxTest.ValidateNeoStoxUsernameProperties" name="validateNeoStoxUserName" time="0.044"/>
</testsuite> <!-- Test -->
